<?xml version="1.0" encoding="UTF-8"?>
<testng-results ignored="0" total="1" passed="1" failed="0" skipped="0">
  <reporter-output>
  </reporter-output>
  <suite started-at="2019-04-26T13:01:39Z" name="FirstTest" finished-at="2019-04-26T13:02:08Z" duration-ms="28934">
    <groups>
    </groups>
    <test started-at="2019-04-26T13:01:39Z" name="Command line test" finished-at="2019-04-26T13:02:08Z" duration-ms="28934">
      <class name="FirstTest">
        <test-method is-config="true" signature="setupTest()[pri:0, instance:FirstTest@2a556333]" started-at="2019-04-26T13:01:39Z" name="setupTest" finished-at="2019-04-26T13:01:48Z" duration-ms="8690" status="PASS">
          <reporter-output>
          </reporter-output>
        </test-method> <!-- setupTest -->
        <test-method signature="firstTest()[pri:0, instance:FirstTest@2a556333]" started-at="2019-04-26T13:01:48Z" name="firstTest" finished-at="2019-04-26T13:02:07Z" duration-ms="19320" status="PASS">
          <reporter-output>
          </reporter-output>
        </test-method> <!-- firstTest -->
        <test-method is-config="true" signature="teardownTest()[pri:0, instance:FirstTest@2a556333]" started-at="2019-04-26T13:02:07Z" name="teardownTest" finished-at="2019-04-26T13:02:08Z" duration-ms="893" status="PASS">
          <reporter-output>
          </reporter-output>
        </test-method> <!-- teardownTest -->
      </class> <!-- FirstTest -->
    </test> <!-- Command line test -->
  </suite> <!-- FirstTest -->
</testng-results>
